[      77ms] [ERROR] Failed to load resource: the server responded with a status of 404 (Not Found) @ http://localhost:3000/assets/hero-poster.jpg:0
[     453ms] [ERROR] Failed to load resource: the server responded with a status of 404 (Not Found) @ http://localhost:3000/assets/preview-ridley.mp4:0
[     453ms] [ERROR] Failed to load resource: the server responded with a status of 404 (Not Found) @ http://localhost:3000/assets/work-ridley.jpg:0
[     453ms] [ERROR] Failed to load resource: the server responded with a status of 404 (Not Found) @ http://localhost:3000/assets/reel.mp4:0
[     453ms] [ERROR] Failed to load resource: the server responded with a status of 404 (Not Found) @ http://localhost:3000/assets/work-doc.jpg:0
[     453ms] [ERROR] Failed to load resource: the server responded with a status of 404 (Not Found) @ http://localhost:3000/assets/work-alvin.jpg:0
[     454ms] [ERROR] Failed to load resource: the server responded with a status of 404 (Not Found) @ http://localhost:3000/assets/work-httyd.jpg:0
[     454ms] [ERROR] Failed to load resource: the server responded with a status of 404 (Not Found) @ http://localhost:3000/assets/preview-doc.mp4:0
[     454ms] [ERROR] Failed to load resource: the server responded with a status of 404 (Not Found) @ http://localhost:3000/assets/preview-alvin.mp4:0
[     454ms] [ERROR] Failed to load resource: the server responded with a status of 404 (Not Found) @ http://localhost:3000/assets/preview-httyd.mp4:0
[     651ms] [ERROR] Failed to load resource: the server responded with a status of 404 (Not Found) @ http://localhost:3000/favicon.ico:0
[    5527ms] [ERROR] Failed to load resource: the server responded with a status of 404 (Not Found) @ http://localhost:3000/assets/portrait.jpg:0
[    9225ms] [ERROR] Failed to load resource: the server responded with a status of 404 (Not Found) @ http://localhost:3000/assets/contact-bg.jpg:0
[    9411ms] Uncaught TypeError: Cannot set properties of undefined (setting 'parent')
    at Va (https://cdn.jsdelivr.net/npm/gsap@3.12.5/dist/gsap.min.js:9:5069)
    at fromTo (https://cdn.jsdelivr.net/npm/gsap@3.12.5/dist/gsap.min.js:9:42469)
    at onEnter (http://localhost:3000/script.js:360:13)
    at Xa (https://cdn.jsdelivr.net/npm/gsap@3.12.5/dist/ScrollTrigger.min.js:9:10310)
    at Te.update (https://cdn.jsdelivr.net/npm/gsap@3.12.5/dist/ScrollTrigger.min.js:9:30768)
    at _updateAll (https://cdn.jsdelivr.net/npm/gsap@3.12.5/dist/ScrollTrigger.min.js:9:18700)
    at ne.update (https://cdn.jsdelivr.net/npm/gsap@3.12.5/dist/ScrollTrigger.min.js:9:37365)
    at emit (https://cdn.jsdelivr.net/npm/lenis@1.1.14/dist/lenis.min.js:0:2466)
    at emit (https://cdn.jsdelivr.net/npm/lenis@1.1.14/dist/lenis.min.js:0:8445)
    at onUpdate (https://cdn.jsdelivr.net/npm/lenis@1.1.14/dist/lenis.min.js:0:10963)
    at advance (https://cdn.jsdelivr.net/npm/lenis@1.1.14/dist/lenis.min.js:0:671)
    at raf (https://cdn.jsdelivr.net/npm/lenis@1.1.14/dist/lenis.min.js:0:9465)
    at lenisRaf (http://localhost:3000/script.js:20:10)
[    9416ms] Uncaught TypeError: Cannot set properties of undefined (setting 'parent')
    at Va (https://cdn.jsdelivr.net/npm/gsap@3.12.5/dist/gsap.min.js:9:5069)
    at fromTo (https://cdn.jsdelivr.net/npm/gsap@3.12.5/dist/gsap.min.js:9:42469)
    at onEnter (http://localhost:3000/script.js:360:13)
    at Xa (https://cdn.jsdelivr.net/npm/gsap@3.12.5/dist/ScrollTrigger.min.js:9:10310)
    at Te.update (https://cdn.jsdelivr.net/npm/gsap@3.12.5/dist/ScrollTrigger.min.js:9:30768)
    at _updateAll (https://cdn.jsdelivr.net/npm/gsap@3.12.5/dist/ScrollTrigger.min.js:9:18700)
    at Jb (https://cdn.jsdelivr.net/npm/gsap@3.12.5/dist/ScrollTrigger.min.js:9:12570)
[    9749ms] Uncaught TypeError: Cannot set properties of undefined (setting 'parent')
    at Va (https://cdn.jsdelivr.net/npm/gsap@3.12.5/dist/gsap.min.js:9:5069)
    at fromTo (https://cdn.jsdelivr.net/npm/gsap@3.12.5/dist/gsap.min.js:9:42469)
    at onEnter (http://localhost:3000/script.js:360:13)
    at Xa (https://cdn.jsdelivr.net/npm/gsap@3.12.5/dist/ScrollTrigger.min.js:9:10310)
    at Te.update (https://cdn.jsdelivr.net/npm/gsap@3.12.5/dist/ScrollTrigger.min.js:9:30768)
    at _updateAll (https://cdn.jsdelivr.net/npm/gsap@3.12.5/dist/ScrollTrigger.min.js:9:18700)
    at ne.update (https://cdn.jsdelivr.net/npm/gsap@3.12.5/dist/ScrollTrigger.min.js:9:37365)
    at emit (https://cdn.jsdelivr.net/npm/lenis@1.1.14/dist/lenis.min.js:0:2466)
    at emit (https://cdn.jsdelivr.net/npm/lenis@1.1.14/dist/lenis.min.js:0:8445)
    at onUpdate (https://cdn.jsdelivr.net/npm/lenis@1.1.14/dist/lenis.min.js:0:10963)
    at advance (https://cdn.jsdelivr.net/npm/lenis@1.1.14/dist/lenis.min.js:0:671)
    at raf (https://cdn.jsdelivr.net/npm/lenis@1.1.14/dist/lenis.min.js:0:9465)
    at <anonymous> (http://localhost:3000/script.js:27:36)
    at yl (https://cdn.jsdelivr.net/npm/gsap@3.12.5/dist/gsap.min.js:9:15872)
[    9755ms] Uncaught TypeError: Cannot set properties of undefined (setting 'parent')
    at Va (https://cdn.jsdelivr.net/npm/gsap@3.12.5/dist/gsap.min.js:9:5069)
    at fromTo (https://cdn.jsdelivr.net/npm/gsap@3.12.5/dist/gsap.min.js:9:42469)
    at onEnter (http://localhost:3000/script.js:360:13)
    at Xa (https://cdn.jsdelivr.net/npm/gsap@3.12.5/dist/ScrollTrigger.min.js:9:10310)
    at Te.update (https://cdn.jsdelivr.net/npm/gsap@3.12.5/dist/ScrollTrigger.min.js:9:30768)
    at _updateAll (https://cdn.jsdelivr.net/npm/gsap@3.12.5/dist/ScrollTrigger.min.js:9:18700)
    at Jb (https://cdn.jsdelivr.net/npm/gsap@3.12.5/dist/ScrollTrigger.min.js:9:12570)
[    9756ms] Uncaught TypeError: Cannot set properties of undefined (setting 'parent')
    at Va (https://cdn.jsdelivr.net/npm/gsap@3.12.5/dist/gsap.min.js:9:5069)
    at fromTo (https://cdn.jsdelivr.net/npm/gsap@3.12.5/dist/gsap.min.js:9:42469)
    at onEnter (http://localhost:3000/script.js:360:13)
    at Xa (https://cdn.jsdelivr.net/npm/gsap@3.12.5/dist/ScrollTrigger.min.js:9:10310)
    at Te.update (https://cdn.jsdelivr.net/npm/gsap@3.12.5/dist/ScrollTrigger.min.js:9:30768)
    at _updateAll (https://cdn.jsdelivr.net/npm/gsap@3.12.5/dist/ScrollTrigger.min.js:9:18700)
    at ne.update (https://cdn.jsdelivr.net/npm/gsap@3.12.5/dist/ScrollTrigger.min.js:9:37365)
    at emit (https://cdn.jsdelivr.net/npm/lenis@1.1.14/dist/lenis.min.js:0:2466)
    at emit (https://cdn.jsdelivr.net/npm/lenis@1.1.14/dist/lenis.min.js:0:8445)
    at onUpdate (https://cdn.jsdelivr.net/npm/lenis@1.1.14/dist/lenis.min.js:0:10963)
    at advance (https://cdn.jsdelivr.net/npm/lenis@1.1.14/dist/lenis.min.js:0:671)
    at raf (https://cdn.jsdelivr.net/npm/lenis@1.1.14/dist/lenis.min.js:0:9465)
    at <anonymous> (http://localhost:3000/script.js:27:36)
    at yl (https://cdn.jsdelivr.net/npm/gsap@3.12.5/dist/gsap.min.js:9:15872)
[    9762ms] Uncaught TypeError: Cannot set properties of undefined (setting 'parent')
    at Va (https://cdn.jsdelivr.net/npm/gsap@3.12.5/dist/gsap.min.js:9:5069)
    at fromTo (https://cdn.jsdelivr.net/npm/gsap@3.12.5/dist/gsap.min.js:9:42469)
    at onEnter (http://localhost:3000/script.js:360:13)
    at Xa (https://cdn.jsdelivr.net/npm/gsap@3.12.5/dist/ScrollTrigger.min.js:9:10310)
    at Te.update (https://cdn.jsdelivr.net/npm/gsap@3.12.5/dist/ScrollTrigger.min.js:9:30768)
    at _updateAll (https://cdn.jsdelivr.net/npm/gsap@3.12.5/dist/ScrollTrigger.min.js:9:18700)
    at Jb (https://cdn.jsdelivr.net/npm/gsap@3.12.5/dist/ScrollTrigger.min.js:9:12570)
